<?xml version="1.0" encoding="UTF-8"?>
<testsuite name="edu.java.sandbox.PointTest" tests="1" skipped="0" failures="0" errors="0" timestamp="2019-08-20T14:08:49" hostname="LAPTOP-DNN1DHQI" time="0.011">
  <properties/>
  <testcase name="TestDistance" classname="edu.java.sandbox.PointTest" time="0.011"/>
  <system-out><![CDATA[]]></system-out>
  <system-err><![CDATA[]]></system-err>
</testsuite>
